<?xml version="1.0" encoding="UTF-8"?>
<testsuite xmlns:xsi="http://www.w3.org/2001/XMLSchema-instance" xsi:noNamespaceSchemaLocation="https://maven.apache.org/surefire/maven-surefire-plugin/xsd/surefire-test-report.xsd" name="com.vertex.pact.ConsumerPactTest" time="1.901" tests="2" errors="0" skipped="0" failures="0">
  <properties>
    <property name="sun.desktop" value="windows"/>
    <property name="awt.toolkit" value="sun.awt.windows.WToolkit"/>
    <property name="java.specification.version" value="11"/>
    <property name="sun.cpu.isalist" value="amd64"/>
    <property name="sun.jnu.encoding" value="Cp1252"/>
    <property name="java.class.path" value="C:\Pact\consumer\target\test-classes;C:\Pact\consumer\target\classes;C:\Users\Maksim_Martsiusheu\.m2\repository\org\springframework\boot\spring-boot-starter-web\2.6.4\spring-boot-starter-web-2.6.4.jar;C:\Users\Maksim_Martsiusheu\.m2\repository\org\springframework\boot\spring-boot-starter\2.6.4\spring-boot-starter-2.6.4.jar;C:\Users\Maksim_Martsiusheu\.m2\repository\org\springframework\boot\spring-boot\2.6.4\spring-boot-2.6.4.jar;C:\Users\Maksim_Martsiusheu\.m2\repository\org\springframework\boot\spring-boot-autoconfigure\2.6.4\spring-boot-autoconfigure-2.6.4.jar;C:\Users\Maksim_Martsiusheu\.m2\repository\org\springframework\boot\spring-boot-starter-logging\2.6.4\spring-boot-starter-logging-2.6.4.jar;C:\Users\Maksim_Martsiusheu\.m2\repository\ch\qos\logback\logback-classic\1.2.10\logback-classic-1.2.10.jar;C:\Users\Maksim_Martsiusheu\.m2\repository\ch\qos\logback\logback-core\1.2.10\logback-core-1.2.10.jar;C:\Users\Maksim_Martsiusheu\.m2\repository\org\apache\logging\log4j\log4j-to-slf4j\2.17.1\log4j-to-slf4j-2.17.1.jar;C:\Users\Maksim_Martsiusheu\.m2\repository\org\apache\logging\log4j\log4j-api\2.17.1\log4j-api-2.17.1.jar;C:\Users\Maksim_Martsiusheu\.m2\repository\org\slf4j\jul-to-slf4j\1.7.36\jul-to-slf4j-1.7.36.jar;C:\Users\Maksim_Martsiusheu\.m2\repository\jakarta\annotation\jakarta.annotation-api\1.3.5\jakarta.annotation-api-1.3.5.jar;C:\Users\Maksim_Martsiusheu\.m2\repository\org\yaml\snakeyaml\1.29\snakeyaml-1.29.jar;C:\Users\Maksim_Martsiusheu\.m2\repository\org\springframework\boot\spring-boot-starter-json\2.6.4\spring-boot-starter-json-2.6.4.jar;C:\Users\Maksim_Martsiusheu\.m2\repository\com\fasterxml\jackson\datatype\jackson-datatype-jdk8\2.13.1\jackson-datatype-jdk8-2.13.1.jar;C:\Users\Maksim_Martsiusheu\.m2\repository\com\fasterxml\jackson\datatype\jackson-datatype-jsr310\2.13.1\jackson-datatype-jsr310-2.13.1.jar;C:\Users\Maksim_Martsiusheu\.m2\repository\com\fasterxml\jackson\module\jackson-module-parameter-names\2.13.1\jackson-module-parameter-names-2.13.1.jar;C:\Users\Maksim_Martsiusheu\.m2\repository\org\springframework\boot\spring-boot-starter-tomcat\2.6.4\spring-boot-starter-tomcat-2.6.4.jar;C:\Users\Maksim_Martsiusheu\.m2\repository\org\apache\tomcat\embed\tomcat-embed-core\9.0.58\tomcat-embed-core-9.0.58.jar;C:\Users\Maksim_Martsiusheu\.m2\repository\org\apache\tomcat\embed\tomcat-embed-el\9.0.58\tomcat-embed-el-9.0.58.jar;C:\Users\Maksim_Martsiusheu\.m2\repository\org\apache\tomcat\embed\tomcat-embed-websocket\9.0.58\tomcat-embed-websocket-9.0.58.jar;C:\Users\Maksim_Martsiusheu\.m2\repository\org\springframework\spring-web\5.3.16\spring-web-5.3.16.jar;C:\Users\Maksim_Martsiusheu\.m2\repository\org\springframework\spring-beans\5.3.16\spring-beans-5.3.16.jar;C:\Users\Maksim_Martsiusheu\.m2\repository\org\springframework\spring-webmvc\5.3.16\spring-webmvc-5.3.16.jar;C:\Users\Maksim_Martsiusheu\.m2\repository\org\springframework\spring-aop\5.3.16\spring-aop-5.3.16.jar;C:\Users\Maksim_Martsiusheu\.m2\repository\org\springframework\spring-context\5.3.16\spring-context-5.3.16.jar;C:\Users\Maksim_Martsiusheu\.m2\repository\org\springframework\spring-expression\5.3.16\spring-expression-5.3.16.jar;C:\Users\Maksim_Martsiusheu\.m2\repository\org\projectlombok\lombok\1.18.22\lombok-1.18.22.jar;C:\Users\Maksim_Martsiusheu\.m2\repository\com\github\javafaker\javafaker\1.0.2\javafaker-1.0.2.jar;C:\Users\Maksim_Martsiusheu\.m2\repository\org\apache\commons\commons-lang3\3.12.0\commons-lang3-3.12.0.jar;C:\Users\Maksim_Martsiusheu\.m2\repository\org\yaml\snakeyaml\1.23\snakeyaml-1.23-android.jar;C:\Users\Maksim_Martsiusheu\.m2\repository\com\github\mifmif\generex\1.0.2\generex-1.0.2.jar;C:\Users\Maksim_Martsiusheu\.m2\repository\dk\brics\automaton\automaton\1.11-8\automaton-1.11-8.jar;C:\Users\Maksim_Martsiusheu\.m2\repository\org\springframework\boot\spring-boot-starter-test\2.6.4\spring-boot-starter-test-2.6.4.jar;C:\Users\Maksim_Martsiusheu\.m2\repository\org\springframework\boot\spring-boot-test\2.6.4\spring-boot-test-2.6.4.jar;C:\Users\Maksim_Martsiusheu\.m2\repository\org\springframework\boot\spring-boot-test-autoconfigure\2.6.4\spring-boot-test-autoconfigure-2.6.4.jar;C:\Users\Maksim_Martsiusheu\.m2\repository\com\jayway\jsonpath\json-path\2.6.0\json-path-2.6.0.jar;C:\Users\Maksim_Martsiusheu\.m2\repository\net\minidev\json-smart\2.4.8\json-smart-2.4.8.jar;C:\Users\Maksim_Martsiusheu\.m2\repository\net\minidev\accessors-smart\2.4.8\accessors-smart-2.4.8.jar;C:\Users\Maksim_Martsiusheu\.m2\repository\jakarta\xml\bind\jakarta.xml.bind-api\2.3.3\jakarta.xml.bind-api-2.3.3.jar;C:\Users\Maksim_Martsiusheu\.m2\repository\jakarta\activation\jakarta.activation-api\1.2.2\jakarta.activation-api-1.2.2.jar;C:\Users\Maksim_Martsiusheu\.m2\repository\org\assertj\assertj-core\3.21.0\assertj-core-3.21.0.jar;C:\Users\Maksim_Martsiusheu\.m2\repository\org\hamcrest\hamcrest\2.2\hamcrest-2.2.jar;C:\Users\Maksim_Martsiusheu\.m2\repository\org\junit\jupiter\junit-jupiter\5.8.2\junit-jupiter-5.8.2.jar;C:\Users\Maksim_Martsiusheu\.m2\repository\org\junit\jupiter\junit-jupiter-params\5.8.2\junit-jupiter-params-5.8.2.jar;C:\Users\Maksim_Martsiusheu\.m2\repository\org\junit\jupiter\junit-jupiter-engine\5.8.2\junit-jupiter-engine-5.8.2.jar;C:\Users\Maksim_Martsiusheu\.m2\repository\org\junit\platform\junit-platform-engine\1.8.2\junit-platform-engine-1.8.2.jar;C:\Users\Maksim_Martsiusheu\.m2\repository\org\mockito\mockito-core\4.0.0\mockito-core-4.0.0.jar;C:\Users\Maksim_Martsiusheu\.m2\repository\net\bytebuddy\byte-buddy\1.11.22\byte-buddy-1.11.22.jar;C:\Users\Maksim_Martsiusheu\.m2\repository\net\bytebuddy\byte-buddy-agent\1.11.22\byte-buddy-agent-1.11.22.jar;C:\Users\Maksim_Martsiusheu\.m2\repository\org\objenesis\objenesis\3.2\objenesis-3.2.jar;C:\Users\Maksim_Martsiusheu\.m2\repository\org\mockito\mockito-junit-jupiter\4.0.0\mockito-junit-jupiter-4.0.0.jar;C:\Users\Maksim_Martsiusheu\.m2\repository\org\skyscreamer\jsonassert\1.5.0\jsonassert-1.5.0.jar;C:\Users\Maksim_Martsiusheu\.m2\repository\com\vaadin\external\google\android-json\0.0.20131108.vaadin1\android-json-0.0.20131108.vaadin1.jar;C:\Users\Maksim_Martsiusheu\.m2\repository\org\springframework\spring-core\5.3.16\spring-core-5.3.16.jar;C:\Users\Maksim_Martsiusheu\.m2\repository\org\springframework\spring-jcl\5.3.16\spring-jcl-5.3.16.jar;C:\Users\Maksim_Martsiusheu\.m2\repository\org\springframework\spring-test\5.3.16\spring-test-5.3.16.jar;C:\Users\Maksim_Martsiusheu\.m2\repository\org\xmlunit\xmlunit-core\2.8.4\xmlunit-core-2.8.4.jar;C:\Users\Maksim_Martsiusheu\.m2\repository\au\com\dius\pact\consumer\java8\4.1.7\java8-4.1.7.jar;C:\Users\Maksim_Martsiusheu\.m2\repository\au\com\dius\pact\consumer\4.1.7\consumer-4.1.7.jar;C:\Users\Maksim_Martsiusheu\.m2\repository\com\googlecode\java-diff-utils\diffutils\1.3.0\diffutils-1.3.0.jar;C:\Users\Maksim_Martsiusheu\.m2\repository\org\json\json\20160212\json-20160212.jar;C:\Users\Maksim_Martsiusheu\.m2\repository\io\netty\netty-handler\4.1.74.Final\netty-handler-4.1.74.Final.jar;C:\Users\Maksim_Martsiusheu\.m2\repository\io\netty\netty-common\4.1.74.Final\netty-common-4.1.74.Final.jar;C:\Users\Maksim_Martsiusheu\.m2\repository\io\netty\netty-resolver\4.1.74.Final\netty-resolver-4.1.74.Final.jar;C:\Users\Maksim_Martsiusheu\.m2\repository\io\netty\netty-buffer\4.1.74.Final\netty-buffer-4.1.74.Final.jar;C:\Users\Maksim_Martsiusheu\.m2\repository\io\netty\netty-transport\4.1.74.Final\netty-transport-4.1.74.Final.jar;C:\Users\Maksim_Martsiusheu\.m2\repository\io\netty\netty-codec\4.1.74.Final\netty-codec-4.1.74.Final.jar;C:\Users\Maksim_Martsiusheu\.m2\repository\io\netty\netty-tcnative-classes\2.0.48.Final\netty-tcnative-classes-2.0.48.Final.jar;C:\Users\Maksim_Martsiusheu\.m2\repository\org\apache\httpcomponents\httpmime\4.5.13\httpmime-4.5.13.jar;C:\Users\Maksim_Martsiusheu\.m2\repository\org\apache\httpcomponents\fluent-hc\4.5.13\fluent-hc-4.5.13.jar;C:\Users\Maksim_Martsiusheu\.m2\repository\commons-logging\commons-logging\1.2\commons-logging-1.2.jar;C:\Users\Maksim_Martsiusheu\.m2\repository\au\com\dius\pact\core\model\4.1.7\model-4.1.7.jar;C:\Users\Maksim_Martsiusheu\.m2\repository\com\github\zafarkhaja\java-semver\0.9.0\java-semver-0.9.0.jar;C:\Users\Maksim_Martsiusheu\.m2\repository\org\apache\commons\commons-collections4\4.1\commons-collections4-4.1.jar;C:\Users\Maksim_Martsiusheu\.m2\repository\javax\mail\mail\1.5.0-b01\mail-1.5.0-b01.jar;C:\Users\Maksim_Martsiusheu\.m2\repository\javax\activation\activation\1.1\activation-1.1.jar;C:\Users\Maksim_Martsiusheu\.m2\repository\org\jetbrains\kotlin\kotlin-reflect\1.6.10\kotlin-reflect-1.6.10.jar;C:\Users\Maksim_Martsiusheu\.m2\repository\au\com\dius\pact\core\support\4.1.7\support-4.1.7.jar;C:\Users\Maksim_Martsiusheu\.m2\repository\org\antlr\antlr4\4.7.2\antlr4-4.7.2.jar;C:\Users\Maksim_Martsiusheu\.m2\repository\org\antlr\antlr-runtime\3.5.2\antlr-runtime-3.5.2.jar;C:\Users\Maksim_Martsiusheu\.m2\repository\org\antlr\ST4\4.1\ST4-4.1.jar;C:\Users\Maksim_Martsiusheu\.m2\repository\org\abego\treelayout\org.abego.treelayout.core\1.0.3\org.abego.treelayout.core-1.0.3.jar;C:\Users\Maksim_Martsiusheu\.m2\repository\org\glassfish\javax.json\1.0.4\javax.json-1.0.4.jar;C:\Users\Maksim_Martsiusheu\.m2\repository\com\ibm\icu\icu4j\61.1\icu4j-61.1.jar;C:\Users\Maksim_Martsiusheu\.m2\repository\io\github\microutils\kotlin-logging\1.6.26\kotlin-logging-1.6.26.jar;C:\Users\Maksim_Martsiusheu\.m2\repository\io\github\microutils\kotlin-logging-common\1.6.26\kotlin-logging-common-1.6.26.jar;C:\Users\Maksim_Martsiusheu\.m2\repository\com\michael-bull\kotlin-result\kotlin-result\1.1.6\kotlin-result-1.1.6.jar;C:\Users\Maksim_Martsiusheu\.m2\repository\com\google\code\findbugs\jsr305\3.0.2\jsr305-3.0.2.jar;C:\Users\Maksim_Martsiusheu\.m2\repository\au\com\dius\pact\core\pactbroker\4.1.7\pactbroker-4.1.7.jar;C:\Users\Maksim_Martsiusheu\.m2\repository\org\apache\tika\tika-core\1.24.1\tika-core-1.24.1.jar;C:\Users\Maksim_Martsiusheu\.m2\repository\au\com\dius\pact\core\matchers\4.1.7\matchers-4.1.7.jar;C:\Users\Maksim_Martsiusheu\.m2\repository\xerces\xercesImpl\2.12.0\xercesImpl-2.12.0.jar;C:\Users\Maksim_Martsiusheu\.m2\repository\xml-apis\xml-apis\1.4.01\xml-apis-1.4.01.jar;C:\Users\Maksim_Martsiusheu\.m2\repository\org\atteo\evo-inflector\1.2.2\evo-inflector-1.2.2.jar;C:\Users\Maksim_Martsiusheu\.m2\repository\com\github\ajalt\mordant\1.2.1\mordant-1.2.1.jar;C:\Users\Maksim_Martsiusheu\.m2\repository\com\github\ajalt\colormath\1.2.0\colormath-1.2.0.jar;C:\Users\Maksim_Martsiusheu\.m2\repository\io\ktor\ktor-server-netty\1.3.1\ktor-server-netty-1.3.1.jar;C:\Users\Maksim_Martsiusheu\.m2\repository\org\jetbrains\kotlin\kotlin-stdlib\1.6.10\kotlin-stdlib-1.6.10.jar;C:\Users\Maksim_Martsiusheu\.m2\repository\org\jetbrains\annotations\13.0\annotations-13.0.jar;C:\Users\Maksim_Martsiusheu\.m2\repository\org\jetbrains\kotlin\kotlin-stdlib-common\1.6.10\kotlin-stdlib-common-1.6.10.jar;C:\Users\Maksim_Martsiusheu\.m2\repository\org\jetbrains\kotlin\kotlin-stdlib-jdk7\1.6.10\kotlin-stdlib-jdk7-1.6.10.jar;C:\Users\Maksim_Martsiusheu\.m2\repository\org\jetbrains\kotlin\kotlin-stdlib-jdk8\1.6.10\kotlin-stdlib-jdk8-1.6.10.jar;C:\Users\Maksim_Martsiusheu\.m2\repository\org\jetbrains\kotlinx\atomicfu\0.14.1\atomicfu-0.14.1.jar;C:\Users\Maksim_Martsiusheu\.m2\repository\org\jetbrains\kotlinx\kotlinx-coroutines-jdk8\1.5.2\kotlinx-coroutines-jdk8-1.5.2.jar;C:\Users\Maksim_Martsiusheu\.m2\repository\org\jetbrains\kotlinx\kotlinx-coroutines-core-jvm\1.5.2\kotlinx-coroutines-core-jvm-1.5.2.jar;C:\Users\Maksim_Martsiusheu\.m2\repository\org\jetbrains\kotlinx\kotlinx-coroutines-core\1.5.2\kotlinx-coroutines-core-1.5.2.jar;C:\Users\Maksim_Martsiusheu\.m2\repository\io\ktor\ktor-server-host-common\1.3.1\ktor-server-host-common-1.3.1.jar;C:\Users\Maksim_Martsiusheu\.m2\repository\io\ktor\ktor-server-core\1.3.1\ktor-server-core-1.3.1.jar;C:\Users\Maksim_Martsiusheu\.m2\repository\io\ktor\ktor-utils-jvm\1.3.1\ktor-utils-jvm-1.3.1.jar;C:\Users\Maksim_Martsiusheu\.m2\repository\io\ktor\ktor-io-jvm\1.3.1\ktor-io-jvm-1.3.1.jar;C:\Users\Maksim_Martsiusheu\.m2\repository\io\ktor\ktor-http-jvm\1.3.1\ktor-http-jvm-1.3.1.jar;C:\Users\Maksim_Martsiusheu\.m2\repository\com\typesafe\config\1.3.1\config-1.3.1.jar;C:\Users\Maksim_Martsiusheu\.m2\repository\io\ktor\ktor-http-cio-jvm\1.3.1\ktor-http-cio-jvm-1.3.1.jar;C:\Users\Maksim_Martsiusheu\.m2\repository\org\jetbrains\kotlinx\kotlinx-coroutines-core-common\1.3.3\kotlinx-coroutines-core-common-1.3.3.jar;C:\Users\Maksim_Martsiusheu\.m2\repository\io\netty\netty-codec-http2\4.1.74.Final\netty-codec-http2-4.1.74.Final.jar;C:\Users\Maksim_Martsiusheu\.m2\repository\io\netty\netty-codec-http\4.1.74.Final\netty-codec-http-4.1.74.Final.jar;C:\Users\Maksim_Martsiusheu\.m2\repository\org\eclipse\jetty\alpn\alpn-api\1.1.3.v20160715\alpn-api-1.1.3.v20160715.jar;C:\Users\Maksim_Martsiusheu\.m2\repository\io\netty\netty-transport-native-kqueue\4.1.74.Final\netty-transport-native-kqueue-4.1.74.Final.jar;C:\Users\Maksim_Martsiusheu\.m2\repository\io\netty\netty-transport-native-unix-common\4.1.74.Final\netty-transport-native-unix-common-4.1.74.Final.jar;C:\Users\Maksim_Martsiusheu\.m2\repository\io\netty\netty-transport-classes-kqueue\4.1.74.Final\netty-transport-classes-kqueue-4.1.74.Final.jar;C:\Users\Maksim_Martsiusheu\.m2\repository\io\netty\netty-transport-native-epoll\4.1.74.Final\netty-transport-native-epoll-4.1.74.Final.jar;C:\Users\Maksim_Martsiusheu\.m2\repository\io\netty\netty-transport-classes-epoll\4.1.74.Final\netty-transport-classes-epoll-4.1.74.Final.jar;C:\Users\Maksim_Martsiusheu\.m2\repository\io\ktor\ktor-network-tls-certificates\1.3.1\ktor-network-tls-certificates-1.3.1.jar;C:\Users\Maksim_Martsiusheu\.m2\repository\io\ktor\ktor-network-tls\1.3.1\ktor-network-tls-1.3.1.jar;C:\Users\Maksim_Martsiusheu\.m2\repository\io\ktor\ktor-network\1.3.1\ktor-network-1.3.1.jar;C:\Users\Maksim_Martsiusheu\.m2\repository\au\com\dius\pact\consumer\junit5\4.1.7\junit5-4.1.7.jar;C:\Users\Maksim_Martsiusheu\.m2\repository\org\junit\jupiter\junit-jupiter-api\5.8.2\junit-jupiter-api-5.8.2.jar;C:\Users\Maksim_Martsiusheu\.m2\repository\org\opentest4j\opentest4j\1.2.0\opentest4j-1.2.0.jar;C:\Users\Maksim_Martsiusheu\.m2\repository\org\junit\platform\junit-platform-commons\1.8.2\junit-platform-commons-1.8.2.jar;C:\Users\Maksim_Martsiusheu\.m2\repository\org\apiguardian\apiguardian-api\1.1.2\apiguardian-api-1.1.2.jar;C:\Users\Maksim_Martsiusheu\.m2\repository\org\slf4j\slf4j-api\1.7.36\slf4j-api-1.7.36.jar;C:\Users\Maksim_Martsiusheu\.m2\repository\org\eclipse\jetty\jetty-server\9.4.45.v20220203\jetty-server-9.4.45.v20220203.jar;C:\Users\Maksim_Martsiusheu\.m2\repository\javax\servlet\javax.servlet-api\4.0.1\javax.servlet-api-4.0.1.jar;C:\Users\Maksim_Martsiusheu\.m2\repository\org\eclipse\jetty\jetty-http\9.4.45.v20220203\jetty-http-9.4.45.v20220203.jar;C:\Users\Maksim_Martsiusheu\.m2\repository\org\eclipse\jetty\jetty-io\9.4.45.v20220203\jetty-io-9.4.45.v20220203.jar;C:\Users\Maksim_Martsiusheu\.m2\repository\org\eclipse\jetty\jetty-servlet\9.4.45.v20220203\jetty-servlet-9.4.45.v20220203.jar;C:\Users\Maksim_Martsiusheu\.m2\repository\org\eclipse\jetty\jetty-security\9.4.45.v20220203\jetty-security-9.4.45.v20220203.jar;C:\Users\Maksim_Martsiusheu\.m2\repository\org\eclipse\jetty\jetty-util-ajax\9.4.45.v20220203\jetty-util-ajax-9.4.45.v20220203.jar;C:\Users\Maksim_Martsiusheu\.m2\repository\org\eclipse\jetty\jetty-servlets\9.4.45.v20220203\jetty-servlets-9.4.45.v20220203.jar;C:\Users\Maksim_Martsiusheu\.m2\repository\org\eclipse\jetty\jetty-continuation\9.4.45.v20220203\jetty-continuation-9.4.45.v20220203.jar;C:\Users\Maksim_Martsiusheu\.m2\repository\org\eclipse\jetty\jetty-util\9.4.45.v20220203\jetty-util-9.4.45.v20220203.jar;C:\Users\Maksim_Martsiusheu\.m2\repository\org\eclipse\jetty\jetty-webapp\9.4.45.v20220203\jetty-webapp-9.4.45.v20220203.jar;C:\Users\Maksim_Martsiusheu\.m2\repository\org\eclipse\jetty\jetty-xml\9.4.45.v20220203\jetty-xml-9.4.45.v20220203.jar;C:\Users\Maksim_Martsiusheu\.m2\repository\org\eclipse\jetty\jetty-proxy\9.4.45.v20220203\jetty-proxy-9.4.45.v20220203.jar;C:\Users\Maksim_Martsiusheu\.m2\repository\org\eclipse\jetty\jetty-client\9.4.45.v20220203\jetty-client-9.4.45.v20220203.jar;C:\Users\Maksim_Martsiusheu\.m2\repository\com\google\guava\guava\20.0\guava-20.0.jar;C:\Users\Maksim_Martsiusheu\.m2\repository\com\fasterxml\jackson\core\jackson-core\2.13.1\jackson-core-2.13.1.jar;C:\Users\Maksim_Martsiusheu\.m2\repository\com\fasterxml\jackson\core\jackson-annotations\2.13.1\jackson-annotations-2.13.1.jar;C:\Users\Maksim_Martsiusheu\.m2\repository\com\fasterxml\jackson\core\jackson-databind\2.13.1\jackson-databind-2.13.1.jar;C:\Users\Maksim_Martsiusheu\.m2\repository\org\apache\httpcomponents\httpclient\4.5.13\httpclient-4.5.13.jar;C:\Users\Maksim_Martsiusheu\.m2\repository\org\apache\httpcomponents\httpcore\4.4.15\httpcore-4.4.15.jar;C:\Users\Maksim_Martsiusheu\.m2\repository\commons-codec\commons-codec\1.15\commons-codec-1.15.jar;C:\Users\Maksim_Martsiusheu\.m2\repository\org\xmlunit\xmlunit-legacy\2.8.4\xmlunit-legacy-2.8.4.jar;C:\Users\Maksim_Martsiusheu\.m2\repository\org\xmlunit\xmlunit-placeholders\2.8.4\xmlunit-placeholders-2.8.4.jar;C:\Users\Maksim_Martsiusheu\.m2\repository\org\ow2\asm\asm\7.0\asm-7.0.jar;C:\Users\Maksim_Martsiusheu\.m2\repository\net\sf\jopt-simple\jopt-simple\5.0.3\jopt-simple-5.0.3.jar;C:\Users\Maksim_Martsiusheu\.m2\repository\com\github\jknack\handlebars\4.0.7\handlebars-4.0.7.jar;C:\Users\Maksim_Martsiusheu\.m2\repository\org\antlr\antlr4-runtime\4.7.1\antlr4-runtime-4.7.1.jar;C:\Users\Maksim_Martsiusheu\.m2\repository\com\github\jknack\handlebars-helpers\4.0.7\handlebars-helpers-4.0.7.jar;C:\Users\Maksim_Martsiusheu\.m2\repository\com\flipkart\zjsonpatch\zjsonpatch\0.4.4\zjsonpatch-0.4.4.jar;C:\Users\Maksim_Martsiusheu\.m2\repository\commons-fileupload\commons-fileupload\1.4\commons-fileupload-1.4.jar;C:\Users\Maksim_Martsiusheu\.m2\repository\commons-io\commons-io\2.2\commons-io-2.2.jar;"/>
    <property name="java.vm.vendor" value="Eclipse Foundation"/>
    <property name="sun.arch.data.model" value="64"/>
    <property name="user.variant" value=""/>
    <property name="java.vendor.url" value="https://adoptium.net/"/>
    <property name="user.timezone" value="Europe/Minsk"/>
    <property name="java.vm.specification.version" value="11"/>
    <property name="os.name" value="Windows 10"/>
    <property name="sun.java.launcher" value="SUN_STANDARD"/>
    <property name="user.country" value="US"/>
    <property name="sun.boot.library.path" value="C:\Program Files\Eclipse Foundation\jdk-11.0.12.7-hotspot\bin"/>
    <property name="sun.java.command" value="C:\Users\MAKSIM~1\AppData\Local\Temp\surefire5025513554528260221\surefirebooter11396565767527687337.jar C:\Users\Maksim_Martsiusheu\AppData\Local\Temp\surefire5025513554528260221 2022-03-23T20-30-46_272-jvmRun1 surefire15999622594850138020tmp surefire_011115478757086763382tmp"/>
    <property name="jdk.debug" value="release"/>
    <property name="surefire.test.class.path" value="C:\Pact\consumer\target\test-classes;C:\Pact\consumer\target\classes;C:\Users\Maksim_Martsiusheu\.m2\repository\org\springframework\boot\spring-boot-starter-web\2.6.4\spring-boot-starter-web-2.6.4.jar;C:\Users\Maksim_Martsiusheu\.m2\repository\org\springframework\boot\spring-boot-starter\2.6.4\spring-boot-starter-2.6.4.jar;C:\Users\Maksim_Martsiusheu\.m2\repository\org\springframework\boot\spring-boot\2.6.4\spring-boot-2.6.4.jar;C:\Users\Maksim_Martsiusheu\.m2\repository\org\springframework\boot\spring-boot-autoconfigure\2.6.4\spring-boot-autoconfigure-2.6.4.jar;C:\Users\Maksim_Martsiusheu\.m2\repository\org\springframework\boot\spring-boot-starter-logging\2.6.4\spring-boot-starter-logging-2.6.4.jar;C:\Users\Maksim_Martsiusheu\.m2\repository\ch\qos\logback\logback-classic\1.2.10\logback-classic-1.2.10.jar;C:\Users\Maksim_Martsiusheu\.m2\repository\ch\qos\logback\logback-core\1.2.10\logback-core-1.2.10.jar;C:\Users\Maksim_Martsiusheu\.m2\repository\org\apache\logging\log4j\log4j-to-slf4j\2.17.1\log4j-to-slf4j-2.17.1.jar;C:\Users\Maksim_Martsiusheu\.m2\repository\org\apache\logging\log4j\log4j-api\2.17.1\log4j-api-2.17.1.jar;C:\Users\Maksim_Martsiusheu\.m2\repository\org\slf4j\jul-to-slf4j\1.7.36\jul-to-slf4j-1.7.36.jar;C:\Users\Maksim_Martsiusheu\.m2\repository\jakarta\annotation\jakarta.annotation-api\1.3.5\jakarta.annotation-api-1.3.5.jar;C:\Users\Maksim_Martsiusheu\.m2\repository\org\yaml\snakeyaml\1.29\snakeyaml-1.29.jar;C:\Users\Maksim_Martsiusheu\.m2\repository\org\springframework\boot\spring-boot-starter-json\2.6.4\spring-boot-starter-json-2.6.4.jar;C:\Users\Maksim_Martsiusheu\.m2\repository\com\fasterxml\jackson\datatype\jackson-datatype-jdk8\2.13.1\jackson-datatype-jdk8-2.13.1.jar;C:\Users\Maksim_Martsiusheu\.m2\repository\com\fasterxml\jackson\datatype\jackson-datatype-jsr310\2.13.1\jackson-datatype-jsr310-2.13.1.jar;C:\Users\Maksim_Martsiusheu\.m2\repository\com\fasterxml\jackson\module\jackson-module-parameter-names\2.13.1\jackson-module-parameter-names-2.13.1.jar;C:\Users\Maksim_Martsiusheu\.m2\repository\org\springframework\boot\spring-boot-starter-tomcat\2.6.4\spring-boot-starter-tomcat-2.6.4.jar;C:\Users\Maksim_Martsiusheu\.m2\repository\org\apache\tomcat\embed\tomcat-embed-core\9.0.58\tomcat-embed-core-9.0.58.jar;C:\Users\Maksim_Martsiusheu\.m2\repository\org\apache\tomcat\embed\tomcat-embed-el\9.0.58\tomcat-embed-el-9.0.58.jar;C:\Users\Maksim_Martsiusheu\.m2\repository\org\apache\tomcat\embed\tomcat-embed-websocket\9.0.58\tomcat-embed-websocket-9.0.58.jar;C:\Users\Maksim_Martsiusheu\.m2\repository\org\springframework\spring-web\5.3.16\spring-web-5.3.16.jar;C:\Users\Maksim_Martsiusheu\.m2\repository\org\springframework\spring-beans\5.3.16\spring-beans-5.3.16.jar;C:\Users\Maksim_Martsiusheu\.m2\repository\org\springframework\spring-webmvc\5.3.16\spring-webmvc-5.3.16.jar;C:\Users\Maksim_Martsiusheu\.m2\repository\org\springframework\spring-aop\5.3.16\spring-aop-5.3.16.jar;C:\Users\Maksim_Martsiusheu\.m2\repository\org\springframework\spring-context\5.3.16\spring-context-5.3.16.jar;C:\Users\Maksim_Martsiusheu\.m2\repository\org\springframework\spring-expression\5.3.16\spring-expression-5.3.16.jar;C:\Users\Maksim_Martsiusheu\.m2\repository\org\projectlombok\lombok\1.18.22\lombok-1.18.22.jar;C:\Users\Maksim_Martsiusheu\.m2\repository\com\github\javafaker\javafaker\1.0.2\javafaker-1.0.2.jar;C:\Users\Maksim_Martsiusheu\.m2\repository\org\apache\commons\commons-lang3\3.12.0\commons-lang3-3.12.0.jar;C:\Users\Maksim_Martsiusheu\.m2\repository\org\yaml\snakeyaml\1.23\snakeyaml-1.23-android.jar;C:\Users\Maksim_Martsiusheu\.m2\repository\com\github\mifmif\generex\1.0.2\generex-1.0.2.jar;C:\Users\Maksim_Martsiusheu\.m2\repository\dk\brics\automaton\automaton\1.11-8\automaton-1.11-8.jar;C:\Users\Maksim_Martsiusheu\.m2\repository\org\springframework\boot\spring-boot-starter-test\2.6.4\spring-boot-starter-test-2.6.4.jar;C:\Users\Maksim_Martsiusheu\.m2\repository\org\springframework\boot\spring-boot-test\2.6.4\spring-boot-test-2.6.4.jar;C:\Users\Maksim_Martsiusheu\.m2\repository\org\springframework\boot\spring-boot-test-autoconfigure\2.6.4\spring-boot-test-autoconfigure-2.6.4.jar;C:\Users\Maksim_Martsiusheu\.m2\repository\com\jayway\jsonpath\json-path\2.6.0\json-path-2.6.0.jar;C:\Users\Maksim_Martsiusheu\.m2\repository\net\minidev\json-smart\2.4.8\json-smart-2.4.8.jar;C:\Users\Maksim_Martsiusheu\.m2\repository\net\minidev\accessors-smart\2.4.8\accessors-smart-2.4.8.jar;C:\Users\Maksim_Martsiusheu\.m2\repository\jakarta\xml\bind\jakarta.xml.bind-api\2.3.3\jakarta.xml.bind-api-2.3.3.jar;C:\Users\Maksim_Martsiusheu\.m2\repository\jakarta\activation\jakarta.activation-api\1.2.2\jakarta.activation-api-1.2.2.jar;C:\Users\Maksim_Martsiusheu\.m2\repository\org\assertj\assertj-core\3.21.0\assertj-core-3.21.0.jar;C:\Users\Maksim_Martsiusheu\.m2\repository\org\hamcrest\hamcrest\2.2\hamcrest-2.2.jar;C:\Users\Maksim_Martsiusheu\.m2\repository\org\junit\jupiter\junit-jupiter\5.8.2\junit-jupiter-5.8.2.jar;C:\Users\Maksim_Martsiusheu\.m2\repository\org\junit\jupiter\junit-jupiter-params\5.8.2\junit-jupiter-params-5.8.2.jar;C:\Users\Maksim_Martsiusheu\.m2\repository\org\junit\jupiter\junit-jupiter-engine\5.8.2\junit-jupiter-engine-5.8.2.jar;C:\Users\Maksim_Martsiusheu\.m2\repository\org\junit\platform\junit-platform-engine\1.8.2\junit-platform-engine-1.8.2.jar;C:\Users\Maksim_Martsiusheu\.m2\repository\org\mockito\mockito-core\4.0.0\mockito-core-4.0.0.jar;C:\Users\Maksim_Martsiusheu\.m2\repository\net\bytebuddy\byte-buddy\1.11.22\byte-buddy-1.11.22.jar;C:\Users\Maksim_Martsiusheu\.m2\repository\net\bytebuddy\byte-buddy-agent\1.11.22\byte-buddy-agent-1.11.22.jar;C:\Users\Maksim_Martsiusheu\.m2\repository\org\objenesis\objenesis\3.2\objenesis-3.2.jar;C:\Users\Maksim_Martsiusheu\.m2\repository\org\mockito\mockito-junit-jupiter\4.0.0\mockito-junit-jupiter-4.0.0.jar;C:\Users\Maksim_Martsiusheu\.m2\repository\org\skyscreamer\jsonassert\1.5.0\jsonassert-1.5.0.jar;C:\Users\Maksim_Martsiusheu\.m2\repository\com\vaadin\external\google\android-json\0.0.20131108.vaadin1\android-json-0.0.20131108.vaadin1.jar;C:\Users\Maksim_Martsiusheu\.m2\repository\org\springframework\spring-core\5.3.16\spring-core-5.3.16.jar;C:\Users\Maksim_Martsiusheu\.m2\repository\org\springframework\spring-jcl\5.3.16\spring-jcl-5.3.16.jar;C:\Users\Maksim_Martsiusheu\.m2\repository\org\springframework\spring-test\5.3.16\spring-test-5.3.16.jar;C:\Users\Maksim_Martsiusheu\.m2\repository\org\xmlunit\xmlunit-core\2.8.4\xmlunit-core-2.8.4.jar;C:\Users\Maksim_Martsiusheu\.m2\repository\au\com\dius\pact\consumer\java8\4.1.7\java8-4.1.7.jar;C:\Users\Maksim_Martsiusheu\.m2\repository\au\com\dius\pact\consumer\4.1.7\consumer-4.1.7.jar;C:\Users\Maksim_Martsiusheu\.m2\repository\com\googlecode\java-diff-utils\diffutils\1.3.0\diffutils-1.3.0.jar;C:\Users\Maksim_Martsiusheu\.m2\repository\org\json\json\20160212\json-20160212.jar;C:\Users\Maksim_Martsiusheu\.m2\repository\io\netty\netty-handler\4.1.74.Final\netty-handler-4.1.74.Final.jar;C:\Users\Maksim_Martsiusheu\.m2\repository\io\netty\netty-common\4.1.74.Final\netty-common-4.1.74.Final.jar;C:\Users\Maksim_Martsiusheu\.m2\repository\io\netty\netty-resolver\4.1.74.Final\netty-resolver-4.1.74.Final.jar;C:\Users\Maksim_Martsiusheu\.m2\repository\io\netty\netty-buffer\4.1.74.Final\netty-buffer-4.1.74.Final.jar;C:\Users\Maksim_Martsiusheu\.m2\repository\io\netty\netty-transport\4.1.74.Final\netty-transport-4.1.74.Final.jar;C:\Users\Maksim_Martsiusheu\.m2\repository\io\netty\netty-codec\4.1.74.Final\netty-codec-4.1.74.Final.jar;C:\Users\Maksim_Martsiusheu\.m2\repository\io\netty\netty-tcnative-classes\2.0.48.Final\netty-tcnative-classes-2.0.48.Final.jar;C:\Users\Maksim_Martsiusheu\.m2\repository\org\apache\httpcomponents\httpmime\4.5.13\httpmime-4.5.13.jar;C:\Users\Maksim_Martsiusheu\.m2\repository\org\apache\httpcomponents\fluent-hc\4.5.13\fluent-hc-4.5.13.jar;C:\Users\Maksim_Martsiusheu\.m2\repository\commons-logging\commons-logging\1.2\commons-logging-1.2.jar;C:\Users\Maksim_Martsiusheu\.m2\repository\au\com\dius\pact\core\model\4.1.7\model-4.1.7.jar;C:\Users\Maksim_Martsiusheu\.m2\repository\com\github\zafarkhaja\java-semver\0.9.0\java-semver-0.9.0.jar;C:\Users\Maksim_Martsiusheu\.m2\repository\org\apache\commons\commons-collections4\4.1\commons-collections4-4.1.jar;C:\Users\Maksim_Martsiusheu\.m2\repository\javax\mail\mail\1.5.0-b01\mail-1.5.0-b01.jar;C:\Users\Maksim_Martsiusheu\.m2\repository\javax\activation\activation\1.1\activation-1.1.jar;C:\Users\Maksim_Martsiusheu\.m2\repository\org\jetbrains\kotlin\kotlin-reflect\1.6.10\kotlin-reflect-1.6.10.jar;C:\Users\Maksim_Martsiusheu\.m2\repository\au\com\dius\pact\core\support\4.1.7\support-4.1.7.jar;C:\Users\Maksim_Martsiusheu\.m2\repository\org\antlr\antlr4\4.7.2\antlr4-4.7.2.jar;C:\Users\Maksim_Martsiusheu\.m2\repository\org\antlr\antlr-runtime\3.5.2\antlr-runtime-3.5.2.jar;C:\Users\Maksim_Martsiusheu\.m2\repository\org\antlr\ST4\4.1\ST4-4.1.jar;C:\Users\Maksim_Martsiusheu\.m2\repository\org\abego\treelayout\org.abego.treelayout.core\1.0.3\org.abego.treelayout.core-1.0.3.jar;C:\Users\Maksim_Martsiusheu\.m2\repository\org\glassfish\javax.json\1.0.4\javax.json-1.0.4.jar;C:\Users\Maksim_Martsiusheu\.m2\repository\com\ibm\icu\icu4j\61.1\icu4j-61.1.jar;C:\Users\Maksim_Martsiusheu\.m2\repository\io\github\microutils\kotlin-logging\1.6.26\kotlin-logging-1.6.26.jar;C:\Users\Maksim_Martsiusheu\.m2\repository\io\github\microutils\kotlin-logging-common\1.6.26\kotlin-logging-common-1.6.26.jar;C:\Users\Maksim_Martsiusheu\.m2\repository\com\michael-bull\kotlin-result\kotlin-result\1.1.6\kotlin-result-1.1.6.jar;C:\Users\Maksim_Martsiusheu\.m2\repository\com\google\code\findbugs\jsr305\3.0.2\jsr305-3.0.2.jar;C:\Users\Maksim_Martsiusheu\.m2\repository\au\com\dius\pact\core\pactbroker\4.1.7\pactbroker-4.1.7.jar;C:\Users\Maksim_Martsiusheu\.m2\repository\org\apache\tika\tika-core\1.24.1\tika-core-1.24.1.jar;C:\Users\Maksim_Martsiusheu\.m2\repository\au\com\dius\pact\core\matchers\4.1.7\matchers-4.1.7.jar;C:\Users\Maksim_Martsiusheu\.m2\repository\xerces\xercesImpl\2.12.0\xercesImpl-2.12.0.jar;C:\Users\Maksim_Martsiusheu\.m2\repository\xml-apis\xml-apis\1.4.01\xml-apis-1.4.01.jar;C:\Users\Maksim_Martsiusheu\.m2\repository\org\atteo\evo-inflector\1.2.2\evo-inflector-1.2.2.jar;C:\Users\Maksim_Martsiusheu\.m2\repository\com\github\ajalt\mordant\1.2.1\mordant-1.2.1.jar;C:\Users\Maksim_Martsiusheu\.m2\repository\com\github\ajalt\colormath\1.2.0\colormath-1.2.0.jar;C:\Users\Maksim_Martsiusheu\.m2\repository\io\ktor\ktor-server-netty\1.3.1\ktor-server-netty-1.3.1.jar;C:\Users\Maksim_Martsiusheu\.m2\repository\org\jetbrains\kotlin\kotlin-stdlib\1.6.10\kotlin-stdlib-1.6.10.jar;C:\Users\Maksim_Martsiusheu\.m2\repository\org\jetbrains\annotations\13.0\annotations-13.0.jar;C:\Users\Maksim_Martsiusheu\.m2\repository\org\jetbrains\kotlin\kotlin-stdlib-common\1.6.10\kotlin-stdlib-common-1.6.10.jar;C:\Users\Maksim_Martsiusheu\.m2\repository\org\jetbrains\kotlin\kotlin-stdlib-jdk7\1.6.10\kotlin-stdlib-jdk7-1.6.10.jar;C:\Users\Maksim_Martsiusheu\.m2\repository\org\jetbrains\kotlin\kotlin-stdlib-jdk8\1.6.10\kotlin-stdlib-jdk8-1.6.10.jar;C:\Users\Maksim_Martsiusheu\.m2\repository\org\jetbrains\kotlinx\atomicfu\0.14.1\atomicfu-0.14.1.jar;C:\Users\Maksim_Martsiusheu\.m2\repository\org\jetbrains\kotlinx\kotlinx-coroutines-jdk8\1.5.2\kotlinx-coroutines-jdk8-1.5.2.jar;C:\Users\Maksim_Martsiusheu\.m2\repository\org\jetbrains\kotlinx\kotlinx-coroutines-core-jvm\1.5.2\kotlinx-coroutines-core-jvm-1.5.2.jar;C:\Users\Maksim_Martsiusheu\.m2\repository\org\jetbrains\kotlinx\kotlinx-coroutines-core\1.5.2\kotlinx-coroutines-core-1.5.2.jar;C:\Users\Maksim_Martsiusheu\.m2\repository\io\ktor\ktor-server-host-common\1.3.1\ktor-server-host-common-1.3.1.jar;C:\Users\Maksim_Martsiusheu\.m2\repository\io\ktor\ktor-server-core\1.3.1\ktor-server-core-1.3.1.jar;C:\Users\Maksim_Martsiusheu\.m2\repository\io\ktor\ktor-utils-jvm\1.3.1\ktor-utils-jvm-1.3.1.jar;C:\Users\Maksim_Martsiusheu\.m2\repository\io\ktor\ktor-io-jvm\1.3.1\ktor-io-jvm-1.3.1.jar;C:\Users\Maksim_Martsiusheu\.m2\repository\io\ktor\ktor-http-jvm\1.3.1\ktor-http-jvm-1.3.1.jar;C:\Users\Maksim_Martsiusheu\.m2\repository\com\typesafe\config\1.3.1\config-1.3.1.jar;C:\Users\Maksim_Martsiusheu\.m2\repository\io\ktor\ktor-http-cio-jvm\1.3.1\ktor-http-cio-jvm-1.3.1.jar;C:\Users\Maksim_Martsiusheu\.m2\repository\org\jetbrains\kotlinx\kotlinx-coroutines-core-common\1.3.3\kotlinx-coroutines-core-common-1.3.3.jar;C:\Users\Maksim_Martsiusheu\.m2\repository\io\netty\netty-codec-http2\4.1.74.Final\netty-codec-http2-4.1.74.Final.jar;C:\Users\Maksim_Martsiusheu\.m2\repository\io\netty\netty-codec-http\4.1.74.Final\netty-codec-http-4.1.74.Final.jar;C:\Users\Maksim_Martsiusheu\.m2\repository\org\eclipse\jetty\alpn\alpn-api\1.1.3.v20160715\alpn-api-1.1.3.v20160715.jar;C:\Users\Maksim_Martsiusheu\.m2\repository\io\netty\netty-transport-native-kqueue\4.1.74.Final\netty-transport-native-kqueue-4.1.74.Final.jar;C:\Users\Maksim_Martsiusheu\.m2\repository\io\netty\netty-transport-native-unix-common\4.1.74.Final\netty-transport-native-unix-common-4.1.74.Final.jar;C:\Users\Maksim_Martsiusheu\.m2\repository\io\netty\netty-transport-classes-kqueue\4.1.74.Final\netty-transport-classes-kqueue-4.1.74.Final.jar;C:\Users\Maksim_Martsiusheu\.m2\repository\io\netty\netty-transport-native-epoll\4.1.74.Final\netty-transport-native-epoll-4.1.74.Final.jar;C:\Users\Maksim_Martsiusheu\.m2\repository\io\netty\netty-transport-classes-epoll\4.1.74.Final\netty-transport-classes-epoll-4.1.74.Final.jar;C:\Users\Maksim_Martsiusheu\.m2\repository\io\ktor\ktor-network-tls-certificates\1.3.1\ktor-network-tls-certificates-1.3.1.jar;C:\Users\Maksim_Martsiusheu\.m2\repository\io\ktor\ktor-network-tls\1.3.1\ktor-network-tls-1.3.1.jar;C:\Users\Maksim_Martsiusheu\.m2\repository\io\ktor\ktor-network\1.3.1\ktor-network-1.3.1.jar;C:\Users\Maksim_Martsiusheu\.m2\repository\au\com\dius\pact\consumer\junit5\4.1.7\junit5-4.1.7.jar;C:\Users\Maksim_Martsiusheu\.m2\repository\org\junit\jupiter\junit-jupiter-api\5.8.2\junit-jupiter-api-5.8.2.jar;C:\Users\Maksim_Martsiusheu\.m2\repository\org\opentest4j\opentest4j\1.2.0\opentest4j-1.2.0.jar;C:\Users\Maksim_Martsiusheu\.m2\repository\org\junit\platform\junit-platform-commons\1.8.2\junit-platform-commons-1.8.2.jar;C:\Users\Maksim_Martsiusheu\.m2\repository\org\apiguardian\apiguardian-api\1.1.2\apiguardian-api-1.1.2.jar;C:\Users\Maksim_Martsiusheu\.m2\repository\org\slf4j\slf4j-api\1.7.36\slf4j-api-1.7.36.jar;C:\Users\Maksim_Martsiusheu\.m2\repository\org\eclipse\jetty\jetty-server\9.4.45.v20220203\jetty-server-9.4.45.v20220203.jar;C:\Users\Maksim_Martsiusheu\.m2\repository\javax\servlet\javax.servlet-api\4.0.1\javax.servlet-api-4.0.1.jar;C:\Users\Maksim_Martsiusheu\.m2\repository\org\eclipse\jetty\jetty-http\9.4.45.v20220203\jetty-http-9.4.45.v20220203.jar;C:\Users\Maksim_Martsiusheu\.m2\repository\org\eclipse\jetty\jetty-io\9.4.45.v20220203\jetty-io-9.4.45.v20220203.jar;C:\Users\Maksim_Martsiusheu\.m2\repository\org\eclipse\jetty\jetty-servlet\9.4.45.v20220203\jetty-servlet-9.4.45.v20220203.jar;C:\Users\Maksim_Martsiusheu\.m2\repository\org\eclipse\jetty\jetty-security\9.4.45.v20220203\jetty-security-9.4.45.v20220203.jar;C:\Users\Maksim_Martsiusheu\.m2\repository\org\eclipse\jetty\jetty-util-ajax\9.4.45.v20220203\jetty-util-ajax-9.4.45.v20220203.jar;C:\Users\Maksim_Martsiusheu\.m2\repository\org\eclipse\jetty\jetty-servlets\9.4.45.v20220203\jetty-servlets-9.4.45.v20220203.jar;C:\Users\Maksim_Martsiusheu\.m2\repository\org\eclipse\jetty\jetty-continuation\9.4.45.v20220203\jetty-continuation-9.4.45.v20220203.jar;C:\Users\Maksim_Martsiusheu\.m2\repository\org\eclipse\jetty\jetty-util\9.4.45.v20220203\jetty-util-9.4.45.v20220203.jar;C:\Users\Maksim_Martsiusheu\.m2\repository\org\eclipse\jetty\jetty-webapp\9.4.45.v20220203\jetty-webapp-9.4.45.v20220203.jar;C:\Users\Maksim_Martsiusheu\.m2\repository\org\eclipse\jetty\jetty-xml\9.4.45.v20220203\jetty-xml-9.4.45.v20220203.jar;C:\Users\Maksim_Martsiusheu\.m2\repository\org\eclipse\jetty\jetty-proxy\9.4.45.v20220203\jetty-proxy-9.4.45.v20220203.jar;C:\Users\Maksim_Martsiusheu\.m2\repository\org\eclipse\jetty\jetty-client\9.4.45.v20220203\jetty-client-9.4.45.v20220203.jar;C:\Users\Maksim_Martsiusheu\.m2\repository\com\google\guava\guava\20.0\guava-20.0.jar;C:\Users\Maksim_Martsiusheu\.m2\repository\com\fasterxml\jackson\core\jackson-core\2.13.1\jackson-core-2.13.1.jar;C:\Users\Maksim_Martsiusheu\.m2\repository\com\fasterxml\jackson\core\jackson-annotations\2.13.1\jackson-annotations-2.13.1.jar;C:\Users\Maksim_Martsiusheu\.m2\repository\com\fasterxml\jackson\core\jackson-databind\2.13.1\jackson-databind-2.13.1.jar;C:\Users\Maksim_Martsiusheu\.m2\repository\org\apache\httpcomponents\httpclient\4.5.13\httpclient-4.5.13.jar;C:\Users\Maksim_Martsiusheu\.m2\repository\org\apache\httpcomponents\httpcore\4.4.15\httpcore-4.4.15.jar;C:\Users\Maksim_Martsiusheu\.m2\repository\commons-codec\commons-codec\1.15\commons-codec-1.15.jar;C:\Users\Maksim_Martsiusheu\.m2\repository\org\xmlunit\xmlunit-legacy\2.8.4\xmlunit-legacy-2.8.4.jar;C:\Users\Maksim_Martsiusheu\.m2\repository\org\xmlunit\xmlunit-placeholders\2.8.4\xmlunit-placeholders-2.8.4.jar;C:\Users\Maksim_Martsiusheu\.m2\repository\org\ow2\asm\asm\7.0\asm-7.0.jar;C:\Users\Maksim_Martsiusheu\.m2\repository\net\sf\jopt-simple\jopt-simple\5.0.3\jopt-simple-5.0.3.jar;C:\Users\Maksim_Martsiusheu\.m2\repository\com\github\jknack\handlebars\4.0.7\handlebars-4.0.7.jar;C:\Users\Maksim_Martsiusheu\.m2\repository\org\antlr\antlr4-runtime\4.7.1\antlr4-runtime-4.7.1.jar;C:\Users\Maksim_Martsiusheu\.m2\repository\com\github\jknack\handlebars-helpers\4.0.7\handlebars-helpers-4.0.7.jar;C:\Users\Maksim_Martsiusheu\.m2\repository\com\flipkart\zjsonpatch\zjsonpatch\0.4.4\zjsonpatch-0.4.4.jar;C:\Users\Maksim_Martsiusheu\.m2\repository\commons-fileupload\commons-fileupload\1.4\commons-fileupload-1.4.jar;C:\Users\Maksim_Martsiusheu\.m2\repository\commons-io\commons-io\2.2\commons-io-2.2.jar;"/>
    <property name="sun.cpu.endian" value="little"/>
    <property name="user.home" value="C:\Users\Maksim_Martsiusheu"/>
    <property name="user.language" value="en"/>
    <property name="java.specification.vendor" value="Oracle Corporation"/>
    <property name="java.version.date" value="2021-07-20"/>
    <property name="java.home" value="C:\Program Files\Eclipse Foundation\jdk-11.0.12.7-hotspot"/>
    <property name="file.separator" value="\"/>
    <property name="basedir" value="C:\Pact\consumer"/>
    <property name="java.vm.compressedOopsMode" value="Zero based"/>
    <property name="line.separator" value="&#10;"/>
    <property name="java.specification.name" value="Java Platform API Specification"/>
    <property name="java.vm.specification.vendor" value="Oracle Corporation"/>
    <property name="java.awt.graphicsenv" value="sun.awt.Win32GraphicsEnvironment"/>
    <property name="surefire.real.class.path" value="C:\Users\MAKSIM~1\AppData\Local\Temp\surefire5025513554528260221\surefirebooter11396565767527687337.jar"/>
    <property name="user.script" value=""/>
    <property name="sun.management.compiler" value="HotSpot 64-Bit Tiered Compilers"/>
    <property name="java.runtime.version" value="11.0.12+7"/>
    <property name="user.name" value="Maksim_Martsiusheu"/>
    <property name="path.separator" value=";"/>
    <property name="os.version" value="10.0"/>
    <property name="java.runtime.name" value="OpenJDK Runtime Environment"/>
    <property name="file.encoding" value="Cp1252"/>
    <property name="java.vm.name" value="OpenJDK 64-Bit Server VM"/>
    <property name="java.vendor.version" value="Temurin-11.0.12+7"/>
    <property name="localRepository" value="C:\Users\Maksim_Martsiusheu\.m2\repository"/>
    <property name="java.vendor.url.bug" value="https://github.com/adoptium/adoptium-support/issues"/>
    <property name="java.io.tmpdir" value="C:\Users\MAKSIM~1\AppData\Local\Temp\"/>
    <property name="java.version" value="11.0.12"/>
    <property name="user.dir" value="C:\Pact\consumer"/>
    <property name="os.arch" value="amd64"/>
    <property name="java.vm.specification.name" value="Java Virtual Machine Specification"/>
    <property name="java.awt.printerjob" value="sun.awt.windows.WPrinterJob"/>
    <property name="sun.os.patch.level" value=""/>
    <property name="java.library.path" value="C:\Program Files\Eclipse Foundation\jdk-11.0.12.7-hotspot\bin;C:\Windows\Sun\Java\bin;C:\Windows\system32;C:\Windows;C:\Program Files\Eclipse Foundation\jdk-11.0.12.7-hotspot\bin;C:\Windows\system32;C:\Windows;C:\Windows\System32\Wbem;C:\Windows\System32\WindowsPowerShell\v1.0\;C:\Windows\System32\OpenSSH\;C:\Program Files\Git\cmd;C:\Program Files\Amazon\AWSCLI\bin\;C:\Program Files\Gradle\bin;C:\Program Files\nodejs\;C:\jq;;C:\Program Files\Docker\Docker\resources\bin;C:\ProgramData\DockerDesktop\version-bin;C:\Users\Maksim_Martsiusheu\AppData\Local\Microsoft\WindowsApps;C:\Program Files\apache-maven-3.8.2\bin;C:\Users\Maksim_Martsiusheu\AppData\Roaming\npm;C:\Users\Maksim_Martsiusheu\AppData\Local\Programs\Microsoft VS Code\bin;."/>
    <property name="java.vm.info" value="mixed mode"/>
    <property name="java.vendor" value="Eclipse Foundation"/>
    <property name="java.vm.version" value="11.0.12+7"/>
    <property name="sun.io.unicode.encoding" value="UnicodeLittle"/>
    <property name="java.class.version" value="55.0"/>
  </properties>
  <testcase name="testGetBooksByUserId{MockServer}" classname="com.vertex.pact.ConsumerPactTest" time="1.402"/>
  <testcase name="testGetBooksByNonExistedUserId{MockServer}" classname="com.vertex.pact.ConsumerPactTest" time="0.154"/>
</testsuite>